[debug] [2022-08-05T10:42:19.544Z] ----------------------------------------------------------------------
[debug] [2022-08-05T10:42:19.550Z] Command:       C:\Program Files\nodejs\node.exe C:\Users\anmol\AppData\Roaming\npm\node_modules\firebase-tools\lib\bin\firebase.js init
[debug] [2022-08-05T10:42:19.551Z] CLI Version:   11.4.2
[debug] [2022-08-05T10:42:19.551Z] Platform:      win32
[debug] [2022-08-05T10:42:19.551Z] Node Version:  v14.18.1
[debug] [2022-08-05T10:42:19.555Z] Time:          Fri Aug 05 2022 16:12:19 GMT+0530 (India Standard Time)
[debug] [2022-08-05T10:42:19.557Z] ----------------------------------------------------------------------
[debug] 
[debug] [2022-08-05T10:42:19.567Z] >>> [apiv2][query] GET https://firebase-public.firebaseio.com/cli.json [none]
[debug] [2022-08-05T10:42:19.802Z] > command requires scopes: ["email","openid","https://www.googleapis.com/auth/cloudplatformprojects.readonly","https://www.googleapis.com/auth/firebase","https://www.googleapis.com/auth/cloud-platform"]
[debug] [2022-08-05T10:42:19.803Z] > authorizing via signed-in user (anmolahuja359@gmail.com)
[info] 
     ######## #### ########  ######## ########     ###     ######  ########
     ##        ##  ##     ## ##       ##     ##  ##   ##  ##       ##
     ######    ##  ########  ######   ########  #########  ######  ######
     ##        ##  ##    ##  ##       ##     ## ##     ##       ## ##
     ##       #### ##     ## ######## ########  ##     ##  ######  ########

You're about to initialize a Firebase project in this directory:

  D:\Projects\clientpanel

Before we get started, keep in mind:

  * You are initializing within an existing Firebase project directory

[debug] [2022-08-05T10:42:21.058Z] <<< [apiv2][status] GET https://firebase-public.firebaseio.com/cli.json 200
[debug] [2022-08-05T10:42:21.059Z] <<< [apiv2][body] GET https://firebase-public.firebaseio.com/cli.json {"cloudBuildErrorAfter":1594252800000,"cloudBuildWarnAfter":1590019200000,"defaultNode10After":1594252800000,"minVersion":"3.0.5","node8DeploysDisabledAfter":1613390400000,"node8RuntimeDisabledAfter":1615809600000,"node8WarnAfter":1600128000000}
[info] 
=== Project Setup
[info] 
[info] First, let's associate this project directory with a Firebase project.
[info] You can create multiple project aliases by running firebase use --add, 
[info] but for now we'll just set up a default project.
[info] 
[debug] [2022-08-05T10:43:03.532Z] Using project from CLI flag: reactclientpanel-6ab87
[debug] [2022-08-05T10:43:03.535Z] > refreshing access token with scopes: []
[debug] [2022-08-05T10:43:03.541Z] >>> [apiv2][query] POST https://www.googleapis.com/oauth2/v3/token [none]
[debug] [2022-08-05T10:43:03.548Z] >>> [apiv2][body] POST https://www.googleapis.com/oauth2/v3/token [omitted]
[debug] [2022-08-05T10:43:03.863Z] <<< [apiv2][status] POST https://www.googleapis.com/oauth2/v3/token 400
[debug] [2022-08-05T10:43:03.864Z] <<< [apiv2][body] POST https://www.googleapis.com/oauth2/v3/token [omitted]
[debug] [2022-08-05T10:43:03.864Z] >>> [apiv2][query] GET https://firebase.googleapis.com/v1beta1/projects/reactclientpanel-6ab87 [none]
[debug] [2022-08-05T10:43:04.303Z] <<< [apiv2][status] GET https://firebase.googleapis.com/v1beta1/projects/reactclientpanel-6ab87 401
[debug] [2022-08-05T10:43:04.303Z] <<< [apiv2][body] GET https://firebase.googleapis.com/v1beta1/projects/reactclientpanel-6ab87 {"error":{"code":401,"message":"Request had invalid authentication credentials. Expected OAuth 2 access token, login cookie or other valid authentication credential. See https://developers.google.com/identity/sign-in/web/devconsole-project.","status":"UNAUTHENTICATED"}}
[debug] [2022-08-05T10:43:04.305Z] HTTP Error: 401, Request had invalid authentication credentials. Expected OAuth 2 access token, login cookie or other valid authentication credential. See https://developers.google.com/identity/sign-in/web/devconsole-project.
[debug] [2022-08-05T10:43:04.308Z] FirebaseError: HTTP Error: 401, Request had invalid authentication credentials. Expected OAuth 2 access token, login cookie or other valid authentication credential. See https://developers.google.com/identity/sign-in/web/devconsole-project.
    at responseToError (C:\Users\anmol\AppData\Roaming\npm\node_modules\firebase-tools\lib\responseToError.js:49:12)
    at RetryOperation._fn (C:\Users\anmol\AppData\Roaming\npm\node_modules\firebase-tools\lib\apiv2.js:288:77)
    at processTicksAndRejections (internal/process/task_queues.js:95:5)
[error] 
[error] Error: Failed to get Firebase project reactclientpanel-6ab87. Please make sure the project exists and your account has permission to access it.
